This is XeTeX, Version 3.141592653-2.6-0.999995 (TeX Live 2023) (preloaded format=xelatex 2023.7.21)  7 MAY 2024 14:06
entering extended mode
 restricted \write18 enabled.
 file:line:error style messages enabled.
 %&-line parsing enabled.
**/Users/xiang/Library/CloudStorage/GoogleDrive-xiang001126turkey@gmail.com/我的雲端硬碟/NTU_course/112Spring/03_勞動經濟學一/homework/homework3/labor_economics_hw3_answersheet
(/Users/xiang/Library/CloudStorage/GoogleDrive-xiang001126turkey@gmail.com/我的雲端硬碟/NTU_course/112Spring/03_勞動經濟學一/homework/homework3/labor_economics_hw3_answersheet.tex
LaTeX2e <2022-11-01> patch level 1
L3 programming layer <2023-02-22> (/usr/local/texlive/2023/texmf-dist/tex/latex/base/article.cls
Document Class: article 2022/07/02 v1.4n Standard LaTeX document class
(/usr/local/texlive/2023/texmf-dist/tex/latex/base/size11.clo
File: size11.clo 2022/07/02 v1.4n Standard LaTeX file (size option)
)
\c@part=\count181
\c@section=\count182
\c@subsection=\count183
\c@subsubsection=\count184
\c@paragraph=\count185
\c@subparagraph=\count186
\c@figure=\count187
\c@table=\count188
\abovecaptionskip=\skip48
\belowcaptionskip=\skip49
\bibindent=\dimen140
) (/usr/local/texlive/2023/texmf-dist/tex/latex/preprint/fullpage.sty
Package: fullpage 1999/02/23 1.1 (PWD)
\FP@margin=\skip50
) (/usr/local/texlive/2023/texmf-dist/tex/latex/graphics/graphicx.sty
Package: graphicx 2021/09/16 v1.2d Enhanced LaTeX Graphics (DPC,SPQR)
 (/usr/local/texlive/2023/texmf-dist/tex/latex/graphics/keyval.sty
Package: keyval 2022/05/29 v1.15 key=value parser (DPC)
\KV@toks@=\toks16
) (/usr/local/texlive/2023/texmf-dist/tex/latex/graphics/graphics.sty
Package: graphics 2022/03/10 v1.4e Standard LaTeX Graphics (DPC,SPQR)
 (/usr/local/texlive/2023/texmf-dist/tex/latex/graphics/trig.sty
Package: trig 2021/08/11 v1.11 sin cos tan (DPC)
) (/usr/local/texlive/2023/texmf-dist/tex/latex/graphics-cfg/graphics.cfg
File: graphics.cfg 2016/06/04 v1.11 sample graphics configuration
)
Package graphics Info: Driver file: xetex.def on input line 107.
 (/usr/local/texlive/2023/texmf-dist/tex/latex/graphics-def/xetex.def
File: xetex.def 2022/09/22 v5.0n Graphics/color driver for xetex
))
\Gin@req@height=\dimen141
\Gin@req@width=\dimen142
) (/usr/local/texlive/2023/texmf-dist/tex/latex/amsmath/amsmath.sty
Package: amsmath 2022/04/08 v2.17n AMS math features
\@mathmargin=\skip51

For additional information on amsmath, use the `?' option.
(/usr/local/texlive/2023/texmf-dist/tex/latex/amsmath/amstext.sty
Package: amstext 2021/08/26 v2.01 AMS text
 (/usr/local/texlive/2023/texmf-dist/tex/latex/amsmath/amsgen.sty
File: amsgen.sty 1999/11/30 v2.0 generic functions
\@emptytoks=\toks17
\ex@=\dimen143
)) (/usr/local/texlive/2023/texmf-dist/tex/latex/amsmath/amsbsy.sty
Package: amsbsy 1999/11/29 v1.2d Bold Symbols
\pmbraise@=\dimen144
) (/usr/local/texlive/2023/texmf-dist/tex/latex/amsmath/amsopn.sty
Package: amsopn 2022/04/08 v2.04 operator names
)
\inf@bad=\count189
LaTeX Info: Redefining \frac on input line 234.
\uproot@=\count190
\leftroot@=\count191
LaTeX Info: Redefining \overline on input line 399.
LaTeX Info: Redefining \colon on input line 410.
\classnum@=\count192
\DOTSCASE@=\count193
LaTeX Info: Redefining \ldots on input line 496.
LaTeX Info: Redefining \dots on input line 499.
LaTeX Info: Redefining \cdots on input line 620.
\Mathstrutbox@=\box51
\strutbox@=\box52
LaTeX Info: Redefining \big on input line 722.
LaTeX Info: Redefining \Big on input line 723.
LaTeX Info: Redefining \bigg on input line 724.
LaTeX Info: Redefining \Bigg on input line 725.
\big@size=\dimen145
LaTeX Font Info:    Redeclaring font encoding OML on input line 743.
LaTeX Font Info:    Redeclaring font encoding OMS on input line 744.
\macc@depth=\count194
LaTeX Info: Redefining \bmod on input line 905.
LaTeX Info: Redefining \pmod on input line 910.
LaTeX Info: Redefining \smash on input line 940.
LaTeX Info: Redefining \relbar on input line 970.
LaTeX Info: Redefining \Relbar on input line 971.
\c@MaxMatrixCols=\count195
\dotsspace@=\muskip16
\c@parentequation=\count196
\dspbrk@lvl=\count197
\tag@help=\toks18
\row@=\count198
\column@=\count199
\maxfields@=\count266
\andhelp@=\toks19
\eqnshift@=\dimen146
\alignsep@=\dimen147
\tagshift@=\dimen148
\tagwidth@=\dimen149
\totwidth@=\dimen150
\lineht@=\dimen151
\@envbody=\toks20
\multlinegap=\skip52
\multlinetaggap=\skip53
\mathdisplay@stack=\toks21
LaTeX Info: Redefining \[ on input line 2953.
LaTeX Info: Redefining \] on input line 2954.
) (/usr/local/texlive/2023/texmf-dist/tex/latex/amsfonts/amssymb.sty
Package: amssymb 2013/01/14 v3.01 AMS font symbols
 (/usr/local/texlive/2023/texmf-dist/tex/latex/amsfonts/amsfonts.sty
Package: amsfonts 2013/01/14 v3.01 Basic AMSFonts support
\symAMSa=\mathgroup4
\symAMSb=\mathgroup5
LaTeX Font Info:    Redeclaring math symbol \hbar on input line 98.
LaTeX Font Info:    Overwriting math alphabet `\mathfrak' in version `bold'
(Font)                  U/euf/m/n --> U/euf/b/n on input line 106.
)) (/usr/local/texlive/2023/texmf-dist/tex/latex/amscls/amsthm.sty
Package: amsthm 2020/05/29 v2.20.6
\thm@style=\toks22
\thm@bodyfont=\toks23
\thm@headfont=\toks24
\thm@notefont=\toks25
\thm@headpunct=\toks26
\thm@preskip=\skip54
\thm@postskip=\skip55
\thm@headsep=\skip56
\dth@everypar=\toks27
) (/usr/local/texlive/2023/texmf-dist/tex/latex/fancyvrb/fancyvrb.sty
Package: fancyvrb 2023/01/19 4.5a verbatim text (tvz,hv)
\FV@CodeLineNo=\count267
\FV@InFile=\read2
\FV@TabBox=\box53
\c@FancyVerbLine=\count268
\FV@StepNumber=\count269
\FV@OutFile=\write3
) (/usr/local/texlive/2023/texmf-dist/tex/latex/fancyhdr/fancyhdr.sty
Package: fancyhdr 2022/11/09 v4.1 Extensive control of page headers and footers
\f@nch@headwidth=\skip57
\f@nch@O@elh=\skip58
\f@nch@O@erh=\skip59
\f@nch@O@olh=\skip60
\f@nch@O@orh=\skip61
\f@nch@O@elf=\skip62
\f@nch@O@erf=\skip63
\f@nch@O@olf=\skip64
\f@nch@O@orf=\skip65
) (/usr/local/texlive/2023/texmf-dist/tex/latex/mdframed/mdframed.sty
Package: mdframed 2013/07/01 1.9b: mdframed
 (/usr/local/texlive/2023/texmf-dist/tex/latex/kvoptions/kvoptions.sty
Package: kvoptions 2022-06-15 v3.15 Key value format for package options (HO)
 (/usr/local/texlive/2023/texmf-dist/tex/generic/ltxcmds/ltxcmds.sty
Package: ltxcmds 2020-05-10 v1.25 LaTeX kernel commands for general use (HO)
) (/usr/local/texlive/2023/texmf-dist/tex/latex/kvsetkeys/kvsetkeys.sty
Package: kvsetkeys 2022-10-05 v1.19 Key value parser (HO)
)) (/usr/local/texlive/2023/texmf-dist/tex/latex/l3packages/xparse/xparse.sty (/usr/local/texlive/2023/texmf-dist/tex/latex/l3kernel/expl3.sty
Package: expl3 2023-02-22 L3 programming layer (loader) 
 (/usr/local/texlive/2023/texmf-dist/tex/latex/l3backend/l3backend-xetex.def
File: l3backend-xetex.def 2023-01-16 L3 backend support: XeTeX
\g__graphics_track_int=\count270
\l__pdf_internal_box=\box54
\g__pdf_backend_object_int=\count271
\g__pdf_backend_annotation_int=\count272
\g__pdf_backend_link_int=\count273
))
Package: xparse 2023-02-02 L3 Experimental document command parser
) (/usr/local/texlive/2023/texmf-dist/tex/latex/etoolbox/etoolbox.sty
Package: etoolbox 2020/10/05 v2.5k e-TeX tools for LaTeX (JAW)
\etb@tempcnta=\count274
) (/usr/local/texlive/2023/texmf-dist/tex/latex/zref/zref-abspage.sty
Package: zref-abspage 2022-04-07 v2.34 Module abspage for zref (HO)
 (/usr/local/texlive/2023/texmf-dist/tex/latex/zref/zref-base.sty
Package: zref-base 2022-04-07 v2.34 Module base for zref (HO)
 (/usr/local/texlive/2023/texmf-dist/tex/generic/infwarerr/infwarerr.sty
Package: infwarerr 2019/12/03 v1.5 Providing info/warning/error messages (HO)
) (/usr/local/texlive/2023/texmf-dist/tex/generic/kvdefinekeys/kvdefinekeys.sty
Package: kvdefinekeys 2019-12-19 v1.6 Define keys (HO)
) (/usr/local/texlive/2023/texmf-dist/tex/generic/pdftexcmds/pdftexcmds.sty
Package: pdftexcmds 2020-06-27 v0.33 Utility functions of pdfTeX for LuaTeX (HO)
 (/usr/local/texlive/2023/texmf-dist/tex/generic/iftex/iftex.sty
Package: iftex 2022/02/03 v1.0f TeX engine tests
)
Package pdftexcmds Info: \pdf@primitive is available.
Package pdftexcmds Info: \pdf@ifprimitive is available.
Package pdftexcmds Info: \pdfdraftmode not found.
) (/usr/local/texlive/2023/texmf-dist/tex/generic/etexcmds/etexcmds.sty
Package: etexcmds 2019/12/15 v1.7 Avoid name clashes with e-TeX commands (HO)
) (/usr/local/texlive/2023/texmf-dist/tex/latex/auxhook/auxhook.sty
Package: auxhook 2019-12-17 v1.6 Hooks for auxiliary files (HO)
)
Package zref Info: New property list: main on input line 767.
Package zref Info: New property: default on input line 768.
Package zref Info: New property: page on input line 769.
) (/usr/local/texlive/2023/texmf-dist/tex/latex/base/atbegshi-ltx.sty
Package: atbegshi-ltx 2021/01/10 v1.0c Emulation of the original atbegshi
package with kernel methods
)
\c@abspage=\count275
Package zref Info: New property: abspage on input line 65.
) (/usr/local/texlive/2023/texmf-dist/tex/latex/needspace/needspace.sty
Package: needspace 2010/09/12 v1.3d reserve vertical space
) (/usr/local/texlive/2023/texmf-dist/tex/latex/graphics/color.sty
Package: color 2022/01/06 v1.3d Standard LaTeX Color (DPC)
 (/usr/local/texlive/2023/texmf-dist/tex/latex/graphics-cfg/color.cfg
File: color.cfg 2016/01/02 v1.6 sample color configuration
)
Package color Info: Driver file: xetex.def on input line 149.
 (/usr/local/texlive/2023/texmf-dist/tex/latex/graphics/mathcolor.ltx))
\mdf@templength=\skip66
\c@mdf@globalstyle@cnt=\count276
\mdf@skipabove@length=\skip67
\mdf@skipbelow@length=\skip68
\mdf@leftmargin@length=\skip69
\mdf@rightmargin@length=\skip70
\mdf@innerleftmargin@length=\skip71
\mdf@innerrightmargin@length=\skip72
\mdf@innertopmargin@length=\skip73
\mdf@innerbottommargin@length=\skip74
\mdf@splittopskip@length=\skip75
\mdf@splitbottomskip@length=\skip76
\mdf@outermargin@length=\skip77
\mdf@innermargin@length=\skip78
\mdf@linewidth@length=\skip79
\mdf@innerlinewidth@length=\skip80
\mdf@middlelinewidth@length=\skip81
\mdf@outerlinewidth@length=\skip82
\mdf@roundcorner@length=\skip83
\mdf@footenotedistance@length=\skip84
\mdf@userdefinedwidth@length=\skip85
\mdf@needspace@length=\skip86
\mdf@frametitleaboveskip@length=\skip87
\mdf@frametitlebelowskip@length=\skip88
\mdf@frametitlerulewidth@length=\skip89
\mdf@frametitleleftmargin@length=\skip90
\mdf@frametitlerightmargin@length=\skip91
\mdf@shadowsize@length=\skip92
\mdf@extratopheight@length=\skip93
\mdf@subtitleabovelinewidth@length=\skip94
\mdf@subtitlebelowlinewidth@length=\skip95
\mdf@subtitleaboveskip@length=\skip96
\mdf@subtitlebelowskip@length=\skip97
\mdf@subtitleinneraboveskip@length=\skip98
\mdf@subtitleinnerbelowskip@length=\skip99
\mdf@subsubtitleabovelinewidth@length=\skip100
\mdf@subsubtitlebelowlinewidth@length=\skip101
\mdf@subsubtitleaboveskip@length=\skip102
\mdf@subsubtitlebelowskip@length=\skip103
\mdf@subsubtitleinneraboveskip@length=\skip104
\mdf@subsubtitleinnerbelowskip@length=\skip105
 (/usr/local/texlive/2023/texmf-dist/tex/latex/mdframed/md-frame-0.mdf
File: md-frame-0.mdf 2013/07/01\ 1.9b: md-frame-0
)
\mdf@frametitlebox=\box55
\mdf@footnotebox=\box56
\mdf@splitbox@one=\box57
\mdf@splitbox@two=\box58
\mdf@splitbox@save=\box59
\mdfsplitboxwidth=\skip106
\mdfsplitboxtotalwidth=\skip107
\mdfsplitboxheight=\skip108
\mdfsplitboxdepth=\skip109
\mdfsplitboxtotalheight=\skip110
\mdfframetitleboxwidth=\skip111
\mdfframetitleboxtotalwidth=\skip112
\mdfframetitleboxheight=\skip113
\mdfframetitleboxdepth=\skip114
\mdfframetitleboxtotalheight=\skip115
\mdffootnoteboxwidth=\skip116
\mdffootnoteboxtotalwidth=\skip117
\mdffootnoteboxheight=\skip118
\mdffootnoteboxdepth=\skip119
\mdffootnoteboxtotalheight=\skip120
\mdftotallinewidth=\skip121
\mdfboundingboxwidth=\skip122
\mdfboundingboxtotalwidth=\skip123
\mdfboundingboxheight=\skip124
\mdfboundingboxdepth=\skip125
\mdfboundingboxtotalheight=\skip126
\mdf@freevspace@length=\skip127
\mdf@horizontalwidthofbox@length=\skip128
\mdf@verticalmarginwhole@length=\skip129
\mdf@horizontalspaceofbox=\skip130
\mdfsubtitleheight=\skip131
\mdfsubsubtitleheight=\skip132
\c@mdfcountframes=\count277

****** mdframed patching \endmdf@trivlist

****** -- success******

\mdf@envdepth=\count278
\c@mdf@env@i=\count279
\c@mdf@env@ii=\count280
\c@mdf@zref@counter=\count281
Package zref Info: New property: mdf@pagevalue on input line 895.
) (/usr/local/texlive/2023/texmf-dist/tex/latex/url/url.sty
\Urlmuskip=\muskip17
Package: url 2013/09/16  ver 3.4  Verb mode for urls, etc.
) (/usr/local/texlive/2023/texmf-dist/tex/latex/listings/listings.sty
\lst@mode=\count282
\lst@gtempboxa=\box60
\lst@token=\toks28
\lst@length=\count283
\lst@currlwidth=\dimen152
\lst@column=\count284
\lst@pos=\count285
\lst@lostspace=\dimen153
\lst@width=\dimen154
\lst@newlines=\count286
\lst@lineno=\count287
\lst@maxwidth=\dimen155
 (/usr/local/texlive/2023/texmf-dist/tex/latex/listings/lstmisc.sty
File: lstmisc.sty 2023/02/27 1.9 (Carsten Heinz)
\c@lstnumber=\count288
\lst@skipnumbers=\count289
\lst@framebox=\box61
) (/usr/local/texlive/2023/texmf-dist/tex/latex/listings/listings.cfg
File: listings.cfg 2023/02/27 1.9 listings configuration
))
Package: listings 2023/02/27 1.9 (Carsten Heinz)
 (/usr/local/texlive/2023/texmf-dist/tex/latex/xcolor/xcolor.sty
Package: xcolor 2022/06/12 v2.14 LaTeX color extensions (UK)
 (/usr/local/texlive/2023/texmf-dist/tex/latex/graphics-cfg/color.cfg
File: color.cfg 2016/01/02 v1.6 sample color configuration
)
Package xcolor Info: Driver file: xetex.def on input line 227.
LaTeX Info: Redefining \color on input line 711.
 (/usr/local/texlive/2023/texmf-dist/tex/latex/graphics/mathcolor.ltx)
Package xcolor Info: Model `cmy' substituted by `cmy0' on input line 1353.
Package xcolor Info: Model `RGB' extended on input line 1369.
Package xcolor Info: Model `HTML' substituted by `rgb' on input line 1371.
Package xcolor Info: Model `Hsb' substituted by `hsb' on input line 1372.
Package xcolor Info: Model `tHsb' substituted by `hsb' on input line 1373.
Package xcolor Info: Model `HSB' substituted by `hsb' on input line 1374.
Package xcolor Info: Model `Gray' substituted by `gray' on input line 1375.
Package xcolor Info: Model `wave' substituted by `hsb' on input line 1376.
 (/usr/local/texlive/2023/texmf-dist/tex/latex/xcolor/svgnam.def
File: svgnam.def 2022/06/12 v2.14 Predefined colors according to SVG 1.1 (UK)
)) (./labor_economics_hw3_answersheet.aux)
\openout1 = `labor_economics_hw3_answersheet.aux'.

LaTeX Font Info:    Checking defaults for OML/cmm/m/it on input line 67.
LaTeX Font Info:    ... okay on input line 67.
LaTeX Font Info:    Checking defaults for OMS/cmsy/m/n on input line 67.
LaTeX Font Info:    ... okay on input line 67.
LaTeX Font Info:    Checking defaults for OT1/cmr/m/n on input line 67.
LaTeX Font Info:    ... okay on input line 67.
LaTeX Font Info:    Checking defaults for T1/cmr/m/n on input line 67.
LaTeX Font Info:    ... okay on input line 67.
LaTeX Font Info:    Checking defaults for TS1/cmr/m/n on input line 67.
LaTeX Font Info:    Trying to load font information for TS1+cmr on input line 67.
 (/usr/local/texlive/2023/texmf-dist/tex/latex/base/ts1cmr.fd
File: ts1cmr.fd 2022/07/10 v2.5l Standard LaTeX font definitions
)
LaTeX Font Info:    ... okay on input line 67.
LaTeX Font Info:    Checking defaults for TU/lmr/m/n on input line 67.
LaTeX Font Info:    ... okay on input line 67.
LaTeX Font Info:    Checking defaults for OMX/cmex/m/n on input line 67.
LaTeX Font Info:    ... okay on input line 67.
LaTeX Font Info:    Checking defaults for U/cmr/m/n on input line 67.
LaTeX Font Info:    ... okay on input line 67.
\c@lstlisting=\count290
LaTeX Font Info:    Trying to load font information for U+msa on input line 80.
 (/usr/local/texlive/2023/texmf-dist/tex/latex/amsfonts/umsa.fd
File: umsa.fd 2013/01/14 v3.01 AMS symbols A
)
LaTeX Font Info:    Trying to load font information for U+msb on input line 80.
 (/usr/local/texlive/2023/texmf-dist/tex/latex/amsfonts/umsb.fd
File: umsb.fd 2013/01/14 v3.01 AMS symbols B
)
Package mdframed Info: mdframed detected package amsthm 
 changed the theorem header of amsthm
(mdframed)              on input line 93.
Package mdframed Info: mdframed detected package amsthm 
 changed the theorem header of amsthm
(mdframed)              on input line 100.
Package mdframed Info: mdframed detected package amsthm 
 changed the theorem header of amsthm
(mdframed)              on input line 112.
 [1

]
Package mdframed Info: mdframed detected package amsthm 
 changed the theorem header of amsthm
(mdframed)              on input line 134.
Package mdframed Info: mdframed detected package amsthm 
 changed the theorem header of amsthm
(mdframed)              on input line 141.
Package mdframed Info: mdframed detected package amsthm 
 changed the theorem header of amsthm
(mdframed)              on input line 154.
Package mdframed Info: mdframed detected package amsthm 
 changed the theorem header of amsthm
(mdframed)              on input line 166.

Overfull \vbox (34.54834pt too high) detected at line 175
 []

Package mdframed Info: Box was splittet wrong
 starting loop to iterate the splitting point
(mdframed)              on input line 175.

Overfull \vbox (35.54834pt too high) detected at line 175
 []


Overfull \vbox (36.54834pt too high) detected at line 175
 []


Overfull \vbox (37.54834pt too high) detected at line 175
 []


Overfull \vbox (38.54834pt too high) detected at line 175
 []


Overfull \vbox (39.54834pt too high) detected at line 175
 []


Overfull \vbox (40.54834pt too high) detected at line 175
 []


Overfull \vbox (41.54834pt too high) detected at line 175
 []


Overfull \vbox (42.54834pt too high) detected at line 175
 []


Overfull \vbox (43.54834pt too high) detected at line 175
 []


Overfull \vbox (44.54834pt too high) detected at line 175
 []


Overfull \vbox (45.54834pt too high) detected at line 175
 []


Overfull \vbox (46.54834pt too high) detected at line 175
 []


Overfull \vbox (47.54834pt too high) detected at line 175
 []


Overfull \vbox (48.54834pt too high) detected at line 175
 []


Overfull \vbox (49.54834pt too high) detected at line 175
 []


Overfull \vbox (50.54834pt too high) detected at line 175
 []


Overfull \vbox (51.54834pt too high) detected at line 175
 []


Overfull \vbox (52.54834pt too high) detected at line 175
 []


Overfull \vbox (53.54834pt too high) detected at line 175
 []


Overfull \vbox (54.54834pt too high) detected at line 175
 []


Overfull \vbox (55.54834pt too high) detected at line 175
 []


Overfull \vbox (56.54834pt too high) detected at line 175
 []


Overfull \vbox (57.54834pt too high) detected at line 175
 []


Overfull \vbox (58.54834pt too high) detected at line 175
 []


Overfull \vbox (59.54834pt too high) detected at line 175
 []


Overfull \vbox (60.54834pt too high) detected at line 175
 []


Overfull \vbox (61.54834pt too high) detected at line 175
 []


Overfull \vbox (62.54834pt too high) detected at line 175
 []


Overfull \vbox (63.54834pt too high) detected at line 175
 []


Overfull \vbox (64.54834pt too high) detected at line 175
 []


Overfull \vbox (65.54834pt too high) detected at line 175
 []


Overfull \vbox (66.54834pt too high) detected at line 175
 []


Overfull \vbox (67.54834pt too high) detected at line 175
 []


Overfull \vbox (68.54834pt too high) detected at line 175
 []


Overfull \vbox (69.54834pt too high) detected at line 175
 []


Overfull \vbox (70.54834pt too high) detected at line 175
 []


Overfull \vbox (71.54834pt too high) detected at line 175
 []


Overfull \vbox (72.54834pt too high) detected at line 175
 []


Overfull \vbox (73.54834pt too high) detected at line 175
 []


Overfull \vbox (74.54834pt too high) detected at line 175
 []


Overfull \vbox (75.54834pt too high) detected at line 175
 []


Overfull \vbox (76.54834pt too high) detected at line 175
 []


Overfull \vbox (77.54834pt too high) detected at line 175
 []


Overfull \vbox (78.54834pt too high) detected at line 175
 []


Overfull \vbox (79.54834pt too high) detected at line 175
 []


Overfull \vbox (80.54834pt too high) detected at line 175
 []


Overfull \vbox (81.54834pt too high) detected at line 175
 []


Overfull \vbox (82.54834pt too high) detected at line 175
 []


Overfull \vbox (83.54834pt too high) detected at line 175
 []


Overfull \vbox (84.54834pt too high) detected at line 175
 []


Overfull \vbox (85.54834pt too high) detected at line 175
 []


Overfull \vbox (86.54834pt too high) detected at line 175
 []


Overfull \vbox (87.54834pt too high) detected at line 175
 []


Overfull \vbox (88.54834pt too high) detected at line 175
 []


Overfull \vbox (89.54834pt too high) detected at line 175
 []


Overfull \vbox (90.54834pt too high) detected at line 175
 []


Overfull \vbox (91.54834pt too high) detected at line 175
 []


Overfull \vbox (92.54834pt too high) detected at line 175
 []


Overfull \vbox (93.54834pt too high) detected at line 175
 []


Overfull \vbox (94.54834pt too high) detected at line 175
 []


Overfull \vbox (95.54834pt too high) detected at line 175
 []


Overfull \vbox (96.54834pt too high) detected at line 175
 []


Overfull \vbox (97.54834pt too high) detected at line 175
 []


Overfull \vbox (98.54834pt too high) detected at line 175
 []


Overfull \vbox (99.54834pt too high) detected at line 175
 []


Overfull \vbox (100.54834pt too high) detected at line 175
 []


Overfull \vbox (101.54834pt too high) detected at line 175
 []


Overfull \vbox (102.54834pt too high) detected at line 175
 []


Overfull \vbox (103.54834pt too high) detected at line 175
 []


Overfull \vbox (104.54834pt too high) detected at line 175
 []


Overfull \vbox (105.54834pt too high) detected at line 175
 []


Overfull \vbox (106.54834pt too high) detected at line 175
 []


Overfull \vbox (107.54834pt too high) detected at line 175
 []


Overfull \vbox (108.54834pt too high) detected at line 175
 []


Overfull \vbox (109.54834pt too high) detected at line 175
 []


Overfull \vbox (110.54834pt too high) detected at line 175
 []


Overfull \vbox (111.54834pt too high) detected at line 175
 []


Overfull \vbox (112.54834pt too high) detected at line 175
 []


Overfull \vbox (113.54834pt too high) detected at line 175
 []


Overfull \vbox (114.54834pt too high) detected at line 175
 []


Overfull \vbox (115.54834pt too high) detected at line 175
 []


Overfull \vbox (116.54834pt too high) detected at line 175
 []


Overfull \vbox (117.54834pt too high) detected at line 175
 []


Overfull \vbox (118.54834pt too high) detected at line 175
 []


Overfull \vbox (119.54834pt too high) detected at line 175
 []


Overfull \vbox (120.54834pt too high) detected at line 175
 []


Overfull \vbox (121.54834pt too high) detected at line 175
 []


Overfull \vbox (122.54834pt too high) detected at line 175
 []


Overfull \vbox (123.54834pt too high) detected at line 175
 []


Overfull \vbox (124.54834pt too high) detected at line 175
 []


Overfull \vbox (125.54834pt too high) detected at line 175
 []


Overfull \vbox (126.54834pt too high) detected at line 175
 []


Overfull \vbox (127.54834pt too high) detected at line 175
 []


Overfull \vbox (128.54834pt too high) detected at line 175
 []


Overfull \vbox (129.54834pt too high) detected at line 175
 []


Overfull \vbox (130.54834pt too high) detected at line 175
 []


Overfull \vbox (131.54834pt too high) detected at line 175
 []


Overfull \vbox (132.54834pt too high) detected at line 175
 []


Overfull \vbox (133.54834pt too high) detected at line 175
 []


Overfull \vbox (134.54834pt too high) detected at line 175
 []


Overfull \vbox (135.54834pt too high) detected at line 175
 []


Package mdframed Warning: correct box splittet fails
 It seems you are using a non splittable contents
(mdframed)                 on input line 175.

Package mdframed Info: You first box width is to small
 mdframed fixed it
(mdframed)              on input line 175.
[2]
Package mdframed Info: mdframed detected package amsthm 
 changed the theorem header of amsthm
(mdframed)              on input line 190.
Package mdframed Info: mdframed detected package amsthm 
 changed the theorem header of amsthm
(mdframed)              on input line 201.
Package mdframed Info: mdframed detected package amsthm 
 changed the theorem header of amsthm
(mdframed)              on input line 214.
Package mdframed Info: Not enough space on this page on input line 216.
 [3]
Package mdframed Info: Not enough space on this page on input line 216.
Package mdframed Info: mdframed detected package amsthm 
 changed the theorem header of amsthm
(mdframed)              on input line 221.
Package mdframed Info: mdframed detected package amsthm 
 changed the theorem header of amsthm
(mdframed)              on input line 241.
Package mdframed Info: mdframed detected package amsthm 
 changed the theorem header of amsthm
(mdframed)              on input line 249.
Package mdframed Info: mdframed detected package amsthm 
 changed the theorem header of amsthm
(mdframed)              on input line 259.
Package mdframed Info: mdframed detected package amsthm 
 changed the theorem header of amsthm
(mdframed)              on input line 278.
File: ./pic//Q5a_TWFE.png Graphic file (type bmp)
<./pic//Q5a_TWFE.png>
 [4]
Package mdframed Info: mdframed detected package amsthm 
 changed the theorem header of amsthm
(mdframed)              on input line 286.
 (/usr/local/texlive/2023/texmf-dist/tex/latex/listings/lstlang1.sty
File: lstlang1.sty 2023/02/27 1.9 listings language file
) (/usr/local/texlive/2023/texmf-dist/tex/latex/listings/lstlang2.sty
File: lstlang2.sty 2023/02/27 1.9 listings language file
) (/usr/local/texlive/2023/texmf-dist/tex/latex/listings/lstlang3.sty
File: lstlang3.sty 2023/02/27 1.9 listings language file
)
File: ./pic//Q5b_TWFE.png Graphic file (type bmp)
<./pic//Q5b_TWFE.png>
File: ./pic//Q5b_TWFE_2.png Graphic file (type bmp)
<./pic//Q5b_TWFE_2.png>
 [5] [6] [7] [8]
Package mdframed Info: mdframed detected package amsthm 
 changed the theorem header of amsthm
(mdframed)              on input line 458.
File: ./pic//Q5c_TWFE.png Graphic file (type bmp)
<./pic//Q5c_TWFE.png>
 [9] [10] [11] (./labor_economics_hw3_answersheet.aux) ) 
Here is how much of TeX's memory you used:
 7709 strings out of 476683
 122241 string characters out of 5804047
 3397018 words of memory out of 5000000
 27816 multiletter control sequences out of 15000+600000
 517182 words of font info for 61 fonts, out of 8000000 for 9000
 1348 hyphenation exceptions out of 8191
 82i,10n,90p,600b,2062s stack positions out of 10000i,1000n,20000p,200000b,200000s

Output written on labor_economics_hw3_answersheet.pdf (11 pages).
